<?xml version="1.0" encoding="UTF-8"?>
<TestRun id="3f248e39-efd3-4c6d-b72e-8e35d08a8689" name="Admin@B09 2018-11-29 07:46:03" runUser="B09\Admin" xmlns="http://microsoft.com/schemas/VisualStudio/TeamTest/2010">
  <TestSettings name="Local" id="ebfb4528-13a7-4d7c-bd3a-5bfacb80b6dc">
    <Description>These are default test settings for a local test run.</Description>
    <Deployment enabled="false" runDeploymentRoot="Admin_B09 2018-11-29 07_46_03">
      <DeploymentItem filename="C:\Users\Admin\Desktop\New folder\selfAutism\bin\Debug\DemoQuanLyThuVien.exe" />
    </Deployment>
    <Execution>
      <TestTypeSpecific />
      <AgentRule name="Execution Agents">
      </AgentRule>
    </Execution>
  </TestSettings>
  <Times creation="2018-11-29T07:46:03.1176002+07:00" queuing="2018-11-29T07:46:03.1446002+07:00" start="2018-11-29T07:46:03.1486002+07:00" finish="2018-11-29T07:46:03.2886002+07:00" />
  <ResultSummary outcome="Completed">
    <Counters total="1" executed="1" passed="1" error="0" failed="0" timeout="0" aborted="0" inconclusive="0" passedButRunAborted="0" notRunnable="0" notExecuted="0" disconnected="0" warning="0" completed="0" inProgress="0" pending="0" />
  </ResultSummary>
  <TestDefinitions>
    <UnitTest name="TestBook_Insert" storage="c:\users\admin\desktop\new folder\testquanlythuvien\bin\debug\testquanlythuvien.dll" id="70552ffc-288e-b3b5-7dc8-7f1c34cf66a8">
      <Execution id="c63f4f58-688e-431c-a679-4b923f4f0a5e" />
      <TestMethod codeBase="C:/Users/Admin/Desktop/New folder/TestQuanLyThuVien/bin/Debug/TestQuanLyThuVien.DLL" adapterTypeName="Microsoft.VisualStudio.TestTools.TestTypes.Unit.UnitTestAdapter, Microsoft.VisualStudio.QualityTools.Tips.UnitTest.Adapter, Version=10.0.0.0, Culture=neutral, PublicKeyToken=b03f5f7f11d50a3a" className="TestQuanLyThuVien.TestBook, TestQuanLyThuVien, Version=1.0.0.0, Culture=neutral, PublicKeyToken=null" name="TestBook_Insert" />
    </UnitTest>
  </TestDefinitions>
  <TestLists>
    <TestList name="Results Not in a List" id="8c84fa94-04c1-424b-9868-57a2d4851a1d" />
    <TestList name="All Loaded Results" id="19431567-8539-422a-85d7-44ee4e166bda" />
  </TestLists>
  <TestEntries>
    <TestEntry testId="70552ffc-288e-b3b5-7dc8-7f1c34cf66a8" executionId="c63f4f58-688e-431c-a679-4b923f4f0a5e" testListId="8c84fa94-04c1-424b-9868-57a2d4851a1d" />
  </TestEntries>
  <Results>
    <UnitTestResult executionId="c63f4f58-688e-431c-a679-4b923f4f0a5e" testId="70552ffc-288e-b3b5-7dc8-7f1c34cf66a8" testName="TestBook_Insert" computerName="B09" duration="00:00:00.0155580" startTime="2018-11-29T07:46:03.1536002+07:00" endTime="2018-11-29T07:46:03.2776002+07:00" testType="13cdc9d9-ddb5-4fa4-a97d-d965ccfc6d4b" outcome="Passed" testListId="8c84fa94-04c1-424b-9868-57a2d4851a1d" relativeResultsDirectory="c63f4f58-688e-431c-a679-4b923f4f0a5e">
    </UnitTestResult>
  </Results>
</TestRun>