<?xml version="1.0" encoding="UTF-8"?>
<TestRun id="fcb2d003-91fd-432f-bb75-7c1b0319de34" name="Admin@B09 2018-11-29 07:42:46" runUser="B09\Admin" xmlns="http://microsoft.com/schemas/VisualStudio/TeamTest/2010">
  <TestSettings name="Local" id="ebfb4528-13a7-4d7c-bd3a-5bfacb80b6dc">
    <Description>These are default test settings for a local test run.</Description>
    <Deployment enabled="false" runDeploymentRoot="Admin_B09 2018-11-29 07_42_46">
      <DeploymentItem filename="C:\Users\Admin\Desktop\New folder\selfAutism\bin\Debug\DemoQuanLyThuVien.exe" />
    </Deployment>
    <Execution>
      <TestTypeSpecific />
      <AgentRule name="Execution Agents">
      </AgentRule>
    </Execution>
  </TestSettings>
  <Times creation="2018-11-29T07:42:46.3476002+07:00" queuing="2018-11-29T07:42:46.4036002+07:00" start="2018-11-29T07:42:46.4066002+07:00" finish="2018-11-29T07:42:46.6216002+07:00" />
  <ResultSummary outcome="Completed">
    <Counters total="1" executed="1" passed="1" error="0" failed="0" timeout="0" aborted="0" inconclusive="0" passedButRunAborted="0" notRunnable="0" notExecuted="0" disconnected="0" warning="0" completed="0" inProgress="0" pending="0" />
  </ResultSummary>
  <TestDefinitions>
    <UnitTest name="TestMethod1" storage="c:\users\admin\desktop\new folder\testquanlythuvien\bin\debug\testquanlythuvien.dll" id="cad1a846-b3d0-e2f0-2aae-914bc076dd6f">
      <Execution id="dc62aefe-6123-416e-90ed-8766e7847215" />
      <TestMethod codeBase="C:/Users/Admin/Desktop/New folder/TestQuanLyThuVien/bin/Debug/TestQuanLyThuVien.DLL" adapterTypeName="Microsoft.VisualStudio.TestTools.TestTypes.Unit.UnitTestAdapter, Microsoft.VisualStudio.QualityTools.Tips.UnitTest.Adapter, Version=10.0.0.0, Culture=neutral, PublicKeyToken=b03f5f7f11d50a3a" className="TestQuanLyThuVien.UnitTest1, TestQuanLyThuVien, Version=1.0.0.0, Culture=neutral, PublicKeyToken=null" name="TestMethod1" />
    </UnitTest>
  </TestDefinitions>
  <TestLists>
    <TestList name="Results Not in a List" id="8c84fa94-04c1-424b-9868-57a2d4851a1d" />
    <TestList name="All Loaded Results" id="19431567-8539-422a-85d7-44ee4e166bda" />
  </TestLists>
  <TestEntries>
    <TestEntry testId="cad1a846-b3d0-e2f0-2aae-914bc076dd6f" executionId="dc62aefe-6123-416e-90ed-8766e7847215" testListId="8c84fa94-04c1-424b-9868-57a2d4851a1d" />
  </TestEntries>
  <Results>
    <UnitTestResult executionId="dc62aefe-6123-416e-90ed-8766e7847215" testId="cad1a846-b3d0-e2f0-2aae-914bc076dd6f" testName="TestMethod1" computerName="B09" duration="00:00:00.0076088" startTime="2018-11-29T07:42:46.4116002+07:00" endTime="2018-11-29T07:42:46.5266002+07:00" testType="13cdc9d9-ddb5-4fa4-a97d-d965ccfc6d4b" outcome="Passed" testListId="8c84fa94-04c1-424b-9868-57a2d4851a1d" relativeResultsDirectory="dc62aefe-6123-416e-90ed-8766e7847215">
    </UnitTestResult>
  </Results>
</TestRun>