<?xml version="1.0" encoding="UTF-8"?>
<TestRun id="b74d5249-50dc-4880-8698-b45421807111" name="Admin@B09 2018-11-29 07:46:50" runUser="B09\Admin" xmlns="http://microsoft.com/schemas/VisualStudio/TeamTest/2010">
  <TestSettings name="Local" id="ebfb4528-13a7-4d7c-bd3a-5bfacb80b6dc">
    <Description>These are default test settings for a local test run.</Description>
    <Deployment enabled="false" runDeploymentRoot="Admin_B09 2018-11-29 07_46_50">
      <DeploymentItem filename="C:\Users\Admin\Desktop\New folder\selfAutism\bin\Debug\DemoQuanLyThuVien.exe" />
    </Deployment>
    <Execution>
      <TestTypeSpecific />
      <AgentRule name="Execution Agents">
      </AgentRule>
    </Execution>
  </TestSettings>
  <Times creation="2018-11-29T07:46:50.6946002+07:00" queuing="2018-11-29T07:46:50.7216002+07:00" start="2018-11-29T07:46:50.7256002+07:00" finish="2018-11-29T07:46:50.8796002+07:00" />
  <ResultSummary outcome="Completed">
    <Counters total="1" executed="1" passed="1" error="0" failed="0" timeout="0" aborted="0" inconclusive="0" passedButRunAborted="0" notRunnable="0" notExecuted="0" disconnected="0" warning="0" completed="0" inProgress="0" pending="0" />
  </ResultSummary>
  <TestDefinitions>
    <UnitTest name="TestBook_DeleteIdBook" storage="c:\users\admin\desktop\new folder\testquanlythuvien\bin\debug\testquanlythuvien.dll" id="24d80dbb-ade6-6fe1-6063-e80b23f97bad">
      <Execution id="71eb8368-ae15-401f-aa74-4cf0493023d0" />
      <TestMethod codeBase="C:/Users/Admin/Desktop/New folder/TestQuanLyThuVien/bin/Debug/TestQuanLyThuVien.DLL" adapterTypeName="Microsoft.VisualStudio.TestTools.TestTypes.Unit.UnitTestAdapter, Microsoft.VisualStudio.QualityTools.Tips.UnitTest.Adapter, Version=10.0.0.0, Culture=neutral, PublicKeyToken=b03f5f7f11d50a3a" className="TestQuanLyThuVien.TestBook, TestQuanLyThuVien, Version=1.0.0.0, Culture=neutral, PublicKeyToken=null" name="TestBook_DeleteIdBook" />
    </UnitTest>
  </TestDefinitions>
  <TestLists>
    <TestList name="Results Not in a List" id="8c84fa94-04c1-424b-9868-57a2d4851a1d" />
    <TestList name="All Loaded Results" id="19431567-8539-422a-85d7-44ee4e166bda" />
  </TestLists>
  <TestEntries>
    <TestEntry testId="24d80dbb-ade6-6fe1-6063-e80b23f97bad" executionId="71eb8368-ae15-401f-aa74-4cf0493023d0" testListId="8c84fa94-04c1-424b-9868-57a2d4851a1d" />
  </TestEntries>
  <Results>
    <UnitTestResult executionId="71eb8368-ae15-401f-aa74-4cf0493023d0" testId="24d80dbb-ade6-6fe1-6063-e80b23f97bad" testName="TestBook_DeleteIdBook" computerName="B09" duration="00:00:00.0154649" startTime="2018-11-29T07:46:50.7456002+07:00" endTime="2018-11-29T07:46:50.8676002+07:00" testType="13cdc9d9-ddb5-4fa4-a97d-d965ccfc6d4b" outcome="Passed" testListId="8c84fa94-04c1-424b-9868-57a2d4851a1d" relativeResultsDirectory="71eb8368-ae15-401f-aa74-4cf0493023d0">
    </UnitTestResult>
  </Results>
</TestRun>