<?xml version="1.0" encoding="UTF-8"?>
<TestRun id="452a731b-3a29-4f64-9d6c-0633417ec3c5" name="Admin@B09 2018-11-29 07:42:01" runUser="B09\Admin" xmlns="http://microsoft.com/schemas/VisualStudio/TeamTest/2010">
  <TestSettings name="Local" id="ebfb4528-13a7-4d7c-bd3a-5bfacb80b6dc">
    <Description>These are default test settings for a local test run.</Description>
    <Deployment enabled="false" runDeploymentRoot="Admin_B09 2018-11-29 07_42_01">
      <DeploymentItem filename="C:\Users\Admin\Desktop\New folder\selfAutism\bin\Debug\DemoQuanLyThuVien.exe" />
    </Deployment>
    <Execution>
      <TestTypeSpecific />
      <AgentRule name="Execution Agents">
      </AgentRule>
    </Execution>
  </TestSettings>
  <Times creation="2018-11-29T07:42:01.6686002+07:00" queuing="2018-11-29T07:42:03.9436002+07:00" start="2018-11-29T07:42:04.0226002+07:00" finish="2018-11-29T07:42:04.3586002+07:00" />
  <ResultSummary outcome="Completed">
    <Counters total="1" executed="1" passed="1" error="0" failed="0" timeout="0" aborted="0" inconclusive="0" passedButRunAborted="0" notRunnable="0" notExecuted="0" disconnected="0" warning="0" completed="0" inProgress="0" pending="0" />
  </ResultSummary>
  <TestDefinitions>
    <UnitTest name="TestLoginAdmin" storage="c:\users\admin\desktop\new folder\testquanlythuvien\bin\debug\testquanlythuvien.dll" id="93667270-c9b8-f408-5064-f0bf2969bfbc">
      <Execution id="f8c53efb-866c-4a98-b4c3-3f7e0f893b47" />
      <TestMethod codeBase="C:/Users/Admin/Desktop/New folder/TestQuanLyThuVien/bin/Debug/TestQuanLyThuVien.DLL" adapterTypeName="Microsoft.VisualStudio.TestTools.TestTypes.Unit.UnitTestAdapter, Microsoft.VisualStudio.QualityTools.Tips.UnitTest.Adapter, Version=10.0.0.0, Culture=neutral, PublicKeyToken=b03f5f7f11d50a3a" className="TestQuanLyThuVien.UnitTest1, TestQuanLyThuVien, Version=1.0.0.0, Culture=neutral, PublicKeyToken=null" name="TestLoginAdmin" />
    </UnitTest>
  </TestDefinitions>
  <TestLists>
    <TestList name="Results Not in a List" id="8c84fa94-04c1-424b-9868-57a2d4851a1d" />
    <TestList name="All Loaded Results" id="19431567-8539-422a-85d7-44ee4e166bda" />
  </TestLists>
  <TestEntries>
    <TestEntry testId="93667270-c9b8-f408-5064-f0bf2969bfbc" executionId="f8c53efb-866c-4a98-b4c3-3f7e0f893b47" testListId="8c84fa94-04c1-424b-9868-57a2d4851a1d" />
  </TestEntries>
  <Results>
    <UnitTestResult executionId="f8c53efb-866c-4a98-b4c3-3f7e0f893b47" testId="93667270-c9b8-f408-5064-f0bf2969bfbc" testName="TestLoginAdmin" computerName="B09" duration="00:00:00.0256191" startTime="2018-11-29T07:42:04.0666002+07:00" endTime="2018-11-29T07:42:04.3106002+07:00" testType="13cdc9d9-ddb5-4fa4-a97d-d965ccfc6d4b" outcome="Passed" testListId="8c84fa94-04c1-424b-9868-57a2d4851a1d" relativeResultsDirectory="f8c53efb-866c-4a98-b4c3-3f7e0f893b47">
    </UnitTestResult>
  </Results>
</TestRun>